{"/Users/michaelseelisch/Workspace/Private/Web-Projects/React/16. React Design Patterns and Best Practices /chapter_10/05_react_tree_snapshot_testing/src/components/TodoTextInput.js": {"path":"/Users/michaelseelisch/Workspace/Private/Web-Projects/React/16. React Design Patterns and Best Practices /chapter_10/05_react_tree_snapshot_testing/src/components/TodoTextInput.js","statementMap":{"0":{"start":{"line":19,"column":21},"end":{"line":19,"column":42}},"1":{"start":{"line":20,"column":8},"end":{"line":25,"column":9}},"2":{"start":{"line":21,"column":12},"end":{"line":21,"column":36}},"3":{"start":{"line":22,"column":12},"end":{"line":24,"column":13}},"4":{"start":{"line":23,"column":16},"end":{"line":23,"column":44}},"5":{"start":{"line":29,"column":8},"end":{"line":29,"column":48}},"6":{"start":{"line":33,"column":4},"end":{"line":35,"column":5}},"7":{"start":{"line":34,"column":6},"end":{"line":34,"column":40}},"8":{"start":{"line":39,"column":8},"end":{"line":52,"column":9}}},"fnMap":{"0":{"name":"(anonymous_0)","decl":{"start":{"line":18,"column":19},"end":{"line":18,"column":20}},"loc":{"start":{"line":18,"column":24},"end":{"line":26,"column":5}},"line":18},"1":{"name":"(anonymous_1)","decl":{"start":{"line":28,"column":19},"end":{"line":28,"column":20}},"loc":{"start":{"line":28,"column":24},"end":{"line":30,"column":5}},"line":28},"2":{"name":"(anonymous_2)","decl":{"start":{"line":32,"column":15},"end":{"line":32,"column":16}},"loc":{"start":{"line":32,"column":20},"end":{"line":36,"column":3}},"line":32},"3":{"name":"(anonymous_3)","decl":{"start":{"line":38,"column":4},"end":{"line":38,"column":5}},"loc":{"start":{"line":38,"column":13},"end":{"line":53,"column":5}},"line":38}},"branchMap":{"0":{"loc":{"start":{"line":15,"column":14},"end":{"line":15,"column":35}},"type":"binary-expr","locations":[{"start":{"line":15,"column":14},"end":{"line":15,"column":29}},{"start":{"line":15,"column":33},"end":{"line":15,"column":35}}],"line":15},"1":{"loc":{"start":{"line":20,"column":8},"end":{"line":25,"column":9}},"type":"if","locations":[{"start":{"line":20,"column":8},"end":{"line":25,"column":9}},{"start":{"line":20,"column":8},"end":{"line":25,"column":9}}],"line":20},"2":{"loc":{"start":{"line":22,"column":12},"end":{"line":24,"column":13}},"type":"if","locations":[{"start":{"line":22,"column":12},"end":{"line":24,"column":13}},{"start":{"line":22,"column":12},"end":{"line":24,"column":13}}],"line":22},"3":{"loc":{"start":{"line":33,"column":4},"end":{"line":35,"column":5}},"type":"if","locations":[{"start":{"line":33,"column":4},"end":{"line":35,"column":5}},{"start":{"line":33,"column":4},"end":{"line":35,"column":5}}],"line":33}},"s":{"0":3,"1":3,"2":2,"3":2,"4":1,"5":1,"6":2,"7":1,"8":12},"f":{"0":3,"1":1,"2":2,"3":12},"b":{"0":[10,9],"1":[2,1],"2":[1,1],"3":[1,1]},"_coverageSchema":"332fd63041d2c1bcb487cc26dd0d5f7d97098a6c","hash":"32f19dcb5b22d051c81de1801d17dc07d1192ce1"}
}
